Using pre-set license
Built from '2020.3/staging' branch; Version is '2020.3.26f1 (7298b473bc1a) revision 7510196'; Using compiler version '192528614'; Build Type 'Release'
OS: 'Windows 11  (10.0.22000) 64bit Core' Language: 'es' Physical Memory: 16075 MB
BatchMode: 1, IsHumanControllingUs: 0, StartBugReporterOnCrash: 0, Is64bit: 1, IsPro: 0

COMMAND LINE ARGUMENTS:
C:\Program Files\Unity\Hub\Editor\2020.3.26f1\Editor\Unity.exe
-adb2
-batchMode
-noUpm
-name
AssetImportWorker0
-projectPath
C:/Users/grmap/Candado
-logFile
Logs/AssetImportWorker0.log
-srvPort
62273
Successfully changed project path to: C:/Users/grmap/Candado
C:/Users/grmap/Candado
Using Asset Import Pipeline V2.
Refreshing native plugins compatible for Editor in 52.94 ms, found 3 plugins.
Preloading 0 native plugins for Editor in 0.00 ms.
Initialize engine version: 2020.3.26f1 (7298b473bc1a)
[Subsystems] Discovering subsystems at path C:/Program Files/Unity/Hub/Editor/2020.3.26f1/Editor/Data/Resources/UnitySubsystems
[Subsystems] Discovering subsystems at path C:/Users/grmap/Candado/Assets
GfxDevice: creating device client; threaded=0
Direct3D:
    Version:  Direct3D 11.0 [level 11.1]
    Renderer: NVIDIA GeForce RTX 3060 Laptop GPU (ID=0x2520)
    Vendor:   
    VRAM:     6023 MB
    Driver:   30.0.15.1123
Initialize mono
Mono path[0] = 'C:/Program Files/Unity/Hub/Editor/2020.3.26f1/Editor/Data/Managed'
Mono path[1] = 'C:/Program Files/Unity/Hub/Editor/2020.3.26f1/Editor/Data/MonoBleedingEdge/lib/mono/unityjit'
Mono config path = 'C:/Program Files/Unity/Hub/Editor/2020.3.26f1/Editor/Data/MonoBleedingEdge/etc'
Using monoOptions --debugger-agent=transport=dt_socket,embedding=1,server=y,suspend=n,address=127.0.0.1:56096
Begin MonoManager ReloadAssembly
Registering precompiled unity dll's ...
Register platform support module: C:/Program Files/Unity/Hub/Editor/2020.3.26f1/Editor/Data/PlaybackEngines/WindowsStandaloneSupport/UnityEditor.WindowsStandalone.Extensions.dll
Registered in 0.000987 seconds.
Native extension for WindowsStandalone target not found
Refreshing native plugins compatible for Editor in 35.60 ms, found 3 plugins.
Preloading 0 native plugins for Editor in 0.00 ms.
Mono: successfully reloaded assembly
- Completed reload, in  0.434 seconds
Domain Reload Profiling:
	ReloadAssembly (434ms)
		BeginReloadAssembly (34ms)
			ExecutionOrderSort (0ms)
			DisableScriptedObjects (0ms)
			BackupInstance (0ms)
			ReleaseScriptingObjects (0ms)
			CreateAndSetChildDomain (1ms)
		EndReloadAssembly (349ms)
			LoadAssemblies (33ms)
			RebuildTransferFunctionScriptingTraits (0ms)
			SetupTypeCache (108ms)
			ReleaseScriptCaches (0ms)
			RebuildScriptCaches (22ms)
			SetupLoadedEditorAssemblies (141ms)
				LogAssemblyErrors (0ms)
				InitializePlatformSupportModulesInManaged (3ms)
				SetLoadedEditorAssemblies (0ms)
				RefreshPlugins (36ms)
				BeforeProcessingInitializeOnLoad (12ms)
				ProcessInitializeOnLoadAttributes (67ms)
				ProcessInitializeOnLoadMethodAttributes (22ms)
				AfterProcessingInitializeOnLoad (0ms)
				EditorAssembliesLoaded (0ms)
			ExecutionOrderSort2 (0ms)
			AwakeInstancesAfterBackupRestoration (0ms)
Platform modules already initialized, skipping
Registering precompiled user dll's ...
Registered in 0.003350 seconds.
Begin MonoManager ReloadAssembly
Native extension for WindowsStandalone target not found
Refreshing native plugins compatible for Editor in 37.67 ms, found 3 plugins.
Preloading 0 native plugins for Editor in 0.00 ms.
Mono: successfully reloaded assembly
- Completed reload, in  0.869 seconds
Domain Reload Profiling:
	ReloadAssembly (870ms)
		BeginReloadAssembly (107ms)
			ExecutionOrderSort (0ms)
			DisableScriptedObjects (4ms)
			BackupInstance (0ms)
			ReleaseScriptingObjects (0ms)
			CreateAndSetChildDomain (15ms)
		EndReloadAssembly (718ms)
			LoadAssemblies (87ms)
			RebuildTransferFunctionScriptingTraits (0ms)
			SetupTypeCache (243ms)
			ReleaseScriptCaches (0ms)
			RebuildScriptCaches (35ms)
			SetupLoadedEditorAssemblies (267ms)
				LogAssemblyErrors (0ms)
				InitializePlatformSupportModulesInManaged (2ms)
				SetLoadedEditorAssemblies (0ms)
				RefreshPlugins (38ms)
				BeforeProcessingInitializeOnLoad (60ms)
				ProcessInitializeOnLoadAttributes (152ms)
				ProcessInitializeOnLoadMethodAttributes (12ms)
				AfterProcessingInitializeOnLoad (4ms)
				EditorAssembliesLoaded (0ms)
			ExecutionOrderSort2 (0ms)
			AwakeInstancesAfterBackupRestoration (5ms)
Platform modules already initialized, skipping
========================================================================
Worker process is ready to serve import requests
Launched and connected shader compiler UnityShaderCompiler.exe after 0.04 seconds
Refreshing native plugins compatible for Editor in 0.46 ms, found 3 plugins.
Preloading 0 native plugins for Editor in 0.00 ms.
Unloading 2231 Unused Serialized files (Serialized files now loaded: 0)
System memory in use before: 98.5 MB.
System memory in use after: 98.6 MB.

Unloading 33 unused Assets to reduce memory usage. Loaded Objects now: 2661.
Total: 2.424100 ms (FindLiveObjects: 0.132000 ms CreateObjectMapping: 0.041700 ms MarkObjects: 2.162800 ms  DeleteObjects: 0.086400 ms)

AssetImportParameters requested are different than current active one (requested -> active):
  custom:framework-win-MediaFoundation: 216162199b28c13a410421893ffa2e32 -> 
  custom:video-decoder-ogg-theora: a1e56fd34408186e4bbccfd4996cb3dc -> 
  custom:container-muxer-webm: aa71ff27fc2769a1b78a27578f13a17b -> 
  custom:container-demuxer-webm: 4f35f7cbe854078d1ac9338744f61a02 -> 
  custom:container-demuxer-ogg: 62fdf1f143b41e24485cea50d1cbac27 -> 
  custom:video-encoder-webm-vp8: eb34c28f22e8b96e1ab97ce403110664 -> 
  custom:video-decoder-webm-vp8: 9c59270c3fd7afecdb556c50c9e8de78 -> 
  custom:audio-decoder-ogg-vorbis: bf7c407c2cedff20999df2af8eb42d56 -> 
  custom:audio-encoder-webm-vorbis: bf7c407c2cedff20999df2af8eb42d56 -> 
========================================================================
Received Import Request.
  path: Assets/UI/Rectángulo 1.png
  artifactKey: Guid(b0b66ec3ada04e744bb45c32ed6d5e46) Importer(815301076,1909f56bfc062723c751e8b465ee728b)
Start importing Assets/UI/Rectángulo 1.png using Guid(b0b66ec3ada04e744bb45c32ed6d5e46) Importer(815301076,1909f56bfc062723c751e8b465ee728b)  -> (artifact id: 'c5fa4a24cbe78219008bbd3194a43254') in 0.071385 seconds 
  Import took 0.074905 seconds .

========================================================================
Received Import Request.
  Time since last request: 14.805713 seconds.
  path: Assets/UI/Rectángulo 1.png
  artifactKey: Guid(b0b66ec3ada04e744bb45c32ed6d5e46) Importer(815301076,1909f56bfc062723c751e8b465ee728b)
Start importing Assets/UI/Rectángulo 1.png using Guid(b0b66ec3ada04e744bb45c32ed6d5e46) Importer(815301076,1909f56bfc062723c751e8b465ee728b)  -> (artifact id: '55085fde6a8c3c6d23fc3bafda636001') in 0.017746 seconds 
  Import took 0.022519 seconds .

========================================================================
Received Import Request.
  Time since last request: 11.116846 seconds.
  path: Assets/UI/Rectángulo 1.png
  artifactKey: Guid(b0b66ec3ada04e744bb45c32ed6d5e46) Importer(815301076,1909f56bfc062723c751e8b465ee728b)
Start importing Assets/UI/Rectángulo 1.png using Guid(b0b66ec3ada04e744bb45c32ed6d5e46) Importer(815301076,1909f56bfc062723c751e8b465ee728b)  -> (artifact id: 'd2b669c433945ec9a9f2ffdf07428833') in 0.010025 seconds 
  Import took 0.014200 seconds .

========================================================================
Received Import Request.
  Time since last request: 46.350713 seconds.
  path: Assets/UI/Rectángulo 11.png
  artifactKey: Guid(b266ed077338fb041acadb96cfe62702) Importer(815301076,1909f56bfc062723c751e8b465ee728b)
Start importing Assets/UI/Rectángulo 11.png using Guid(b266ed077338fb041acadb96cfe62702) Importer(815301076,1909f56bfc062723c751e8b465ee728b)  -> (artifact id: 'c8b597d9a2c9310e08b7b80e57dc9d65') in 0.026908 seconds 
  Import took 0.031006 seconds .

========================================================================
Received Import Request.
  Time since last request: 15.212588 seconds.
  path: Assets/UI/Rectángulo 11.png
  artifactKey: Guid(b266ed077338fb041acadb96cfe62702) Importer(815301076,1909f56bfc062723c751e8b465ee728b)
Start importing Assets/UI/Rectángulo 11.png using Guid(b266ed077338fb041acadb96cfe62702) Importer(815301076,1909f56bfc062723c751e8b465ee728b)  -> (artifact id: '9dbc418299fa306cece57aabd7d029e9') in 0.013238 seconds 
  Import took 0.018166 seconds .

========================================================================
Received Import Request.
  Time since last request: 57.641753 seconds.
  path: Assets/UI/Input.png
  artifactKey: Guid(b0b66ec3ada04e744bb45c32ed6d5e46) Importer(815301076,1909f56bfc062723c751e8b465ee728b)
Start importing Assets/UI/Input.png using Guid(b0b66ec3ada04e744bb45c32ed6d5e46) Importer(815301076,1909f56bfc062723c751e8b465ee728b)  -> (artifact id: 'cd1711bdc8b8179ef2cd9140ebd02dec') in 0.021705 seconds 
  Import took 0.025284 seconds .

========================================================================
Received Import Request.
  Time since last request: 16.656730 seconds.
  path: Assets/UI/Button.png
  artifactKey: Guid(b266ed077338fb041acadb96cfe62702) Importer(815301076,1909f56bfc062723c751e8b465ee728b)
Start importing Assets/UI/Button.png using Guid(b266ed077338fb041acadb96cfe62702) Importer(815301076,1909f56bfc062723c751e8b465ee728b)  -> (artifact id: '71e126a8306048e28df4c1862a04b145') in 0.018866 seconds 
  Import took 0.021950 seconds .

========================================================================
Received Import Request.
  Time since last request: 10.103172 seconds.
  path: Assets/Prefab/ErrorMessage Prefab.prefab
  artifactKey: Guid(bf9c975dac0db1b41a2a2655a8985f8f) Importer(815301076,1909f56bfc062723c751e8b465ee728b)
Start importing Assets/Prefab/ErrorMessage Prefab.prefab using Guid(bf9c975dac0db1b41a2a2655a8985f8f) Importer(815301076,1909f56bfc062723c751e8b465ee728b)  -> (artifact id: 'afa2fb3524cb63fdd56ee763bf0c061a') in 0.053466 seconds 
  Import took 0.056836 seconds .

========================================================================
Received Import Request.
  Time since last request: 63.469291 seconds.
  path: Assets/Prefab/ErrorMessage Prefab.prefab
  artifactKey: Guid(bf9c975dac0db1b41a2a2655a8985f8f) Importer(815301076,1909f56bfc062723c751e8b465ee728b)
Start importing Assets/Prefab/ErrorMessage Prefab.prefab using Guid(bf9c975dac0db1b41a2a2655a8985f8f) Importer(815301076,1909f56bfc062723c751e8b465ee728b)  -> (artifact id: '85c06690c734ffab57a37b3dc398007c') in 0.024128 seconds 
  Import took 0.031250 seconds .

AssetImportWorkerClient::OnTransportError - code=2 error=End of file
